#
# There is insufficient memory for the Java Runtime Environment to continue.
# Native memory allocation (mmap) failed to map 104857600 bytes. Error detail: G1 virtual space
# Possible reasons:
#   The system is out of physical RAM or swap space
#   This process is running with CompressedOops enabled, and the Java Heap may be blocking the growth of the native heap
# Possible solutions:
#   Reduce memory load on the system
#   Increase physical memory or swap space
#   Check if swap backing store is full
#   Decrease Java heap size (-Xmx/-Xms)
#   Decrease number of Java threads
#   Decrease Java thread stack sizes (-Xss)
#   Set larger code cache with -XX:ReservedCodeCacheSize=
#   JVM is running with Unscaled Compressed Oops mode in which the Java heap is
#     placed in the first 4GB address space. The Java Heap base address is the
#     maximum limit for the native heap growth. Please use -XX:HeapBaseMinAddress
#     to set the Java Heap base and to place the Java Heap above 4GB virtual address.
# This output file may be truncated or incomplete.
#
#  Out of Memory Error (os_windows.cpp:3616), pid=10692, tid=19264
#
# JRE version:  (21.0.4+7) (build )
# Java VM: OpenJDK 64-Bit Server VM (21.0.4+7-LTS, mixed mode, sharing, tiered, compressed oops, compressed class ptrs, g1 gc, windows-amd64)
# No core dump will be written. Minidumps are not enabled by default on client versions of Windows
#

---------------  S U M M A R Y ------------

Command Line: -Dnet.bytebuddy.agent.attacher.dump= net.bytebuddy.agent.Attacher com.sun.tools.attach.VirtualMachine 11328 C:\Users\Панчо\.m2\repository\net\bytebuddy\byte-buddy-agent\1.14.8\byte-buddy-agent-1.14.8.jar false 

Host: Intel(R) Core(TM) i5-8400 CPU @ 2.80GHz, 6 cores, 6G,  Windows 10 , 64 bit Build 19041 (10.0.19041.5198)
Time: Fri Feb  7 22:20:58 2025  Windows 10 , 64 bit Build 19041 (10.0.19041.5198) elapsed time: 0.012822 seconds (0d 0h 0m 0s)

---------------  T H R E A D  ---------------

Current thread (0x00000199bfb4d9c0):  JavaThread "Unknown thread" [_thread_in_vm, id=19264, stack(0x0000005683100000,0x0000005683200000) (1024K)]

Stack: [0x0000005683100000,0x0000005683200000]
Native frames: (J=compiled Java code, j=interpreted, Vv=VM code, C=native code)
V  [jvm.dll+0x6cbcf9]
V  [jvm.dll+0x8a5551]
V  [jvm.dll+0x8a7a7e]
V  [jvm.dll+0x8a8153]
V  [jvm.dll+0x27eca6]
V  [jvm.dll+0x6c8445]
V  [jvm.dll+0x6bd13a]
V  [jvm.dll+0x354a0a]
V  [jvm.dll+0x35c5b6]
V  [jvm.dll+0x3adf3e]
V  [jvm.dll+0x3ae1e8]
V  [jvm.dll+0x328bcc]
V  [jvm.dll+0x32972b]
V  [jvm.dll+0x86e7b9]
V  [jvm.dll+0x3bac91]
V  [jvm.dll+0x857973]
V  [jvm.dll+0x44f32e]
V  [jvm.dll+0x450f71]
C  [jli.dll+0x5278]
C  [ucrtbase.dll+0x21bb2]
C  [KERNEL32.DLL+0x17374]
C  [ntdll.dll+0x4cc91]


---------------  P R O C E S S  ---------------

Threads class SMR info:
_java_thread_list=0x00007ffd72e03088, length=0, elements={
}

Java Threads: ( => current thread )
Total: 0

Other Threads:
  0x00000199c1d6e700 WorkerThread "GC Thread#0"                     [id=17700, stack(0x0000005683200000,0x0000005683300000) (1024K)]
  0x00000199c1d7bde0 ConcurrentGCThread "G1 Main Marker"            [id=18696, stack(0x0000005683300000,0x0000005683400000) (1024K)]
  0x00000199c1d7cb60 WorkerThread "G1 Conc#0"                       [id=8880, stack(0x0000005683400000,0x0000005683500000) (1024K)]

[error occurred during error reporting (printing all threads), id 0xc0000005, EXCEPTION_ACCESS_VIOLATION (0xc0000005) at pc=0x00007ffd7250b4f7]
VM state: not at safepoint (not fully initialized)

VM Mutex/Monitor currently owned by a thread:  ([mutex/lock_event])
[0x00007ffd72e77408] Heap_lock - owner thread: 0x00000199bfb4d9c0

Heap address: 0x000000009c800000, size: 1592 MB, Compressed Oops mode: 32-bit

CDS archive(s) mapped at: [0x0000000000000000-0x0000000000000000-0x0000000000000000), size 0, SharedBaseAddress: 0x0000000800000000, ArchiveRelocationMode: 1.
Narrow klass base: 0x0000000000000000, Narrow klass shift: 0, Narrow klass range: 0x0

GC Precious Log:
 CardTable entry size: 512
 Card Set container configuration: InlinePtr #cards 5 size 8 Array Of Cards #cards 12 size 40 Howl #buckets 4 coarsen threshold 1843 Howl Bitmap #cards 512 size 80 coarsen threshold 460 Card regions per heap region 1 cards per card region 2048

Heap:
 garbage-first heap   total 0K, used 0K [0x000000009c800000, 0x0000000100000000)
  region size 1024K, 0 young (0K), 0 survivors (0K)

[error occurred during error reporting (printing heap information), id 0xc0000005, EXCEPTION_ACCESS_VIOLATION (0xc0000005) at pc=0x00007ffd728f5669]
GC Heap History (0 events):
No events

Dll operation events (1 events):
Event: 0.008 Loaded shared library D:\java\bin\java.dll

Deoptimization events (0 events):
No events

Classes loaded (0 events):
No events

Classes unloaded (0 events):
No events

Classes redefined (0 events):
No events

Internal exceptions (0 events):
No events

ZGC Phase Switch (0 events):
No events

VM Operations (0 events):
No events

Memory protections (0 events):
No events

Nmethod flushes (0 events):
No events

Events (0 events):
No events


Dynamic libraries:
0x00007ff798d10000 - 0x00007ff798d1e000 	D:\java\bin\java.exe
0x00007ffe1e510000 - 0x00007ffe1e708000 	C:\Windows\SYSTEM32\ntdll.dll
0x00007ffdfa360000 - 0x00007ffdfa37a000 	C:\Program Files\Avast Software\Avast\aswhook.dll
0x00007ffe1cf30000 - 0x00007ffe1cff2000 	C:\Windows\System32\KERNEL32.DLL
0x00007ffe1bef0000 - 0x00007ffe1c1ef000 	C:\Windows\System32\KERNELBASE.dll
0x00007ffe1c350000 - 0x00007ffe1c450000 	C:\Windows\System32\ucrtbase.dll
0x00007ffe08370000 - 0x00007ffe0838b000 	D:\java\bin\VCRUNTIME140.dll
0x00007ffe0e340000 - 0x00007ffe0e358000 	D:\java\bin\jli.dll
0x00007ffe1dca0000 - 0x00007ffe1de3d000 	C:\Windows\System32\USER32.dll
0x00007ffe1bba0000 - 0x00007ffe1bbc2000 	C:\Windows\System32\win32u.dll
0x00007ffe1ce90000 - 0x00007ffe1cebb000 	C:\Windows\System32\GDI32.dll
0x00007ffe06be0000 - 0x00007ffe06e7a000 	C:\Windows\WinSxS\amd64_microsoft.windows.common-controls_6595b64144ccf1df_6.0.19041.4355_none_60b8b9eb71f62e16\COMCTL32.dll
0x00007ffe1cc90000 - 0x00007ffe1cd2e000 	C:\Windows\System32\msvcrt.dll
0x00007ffe1bd20000 - 0x00007ffe1be37000 	C:\Windows\System32\gdi32full.dll
0x00007ffe1c480000 - 0x00007ffe1c51d000 	C:\Windows\System32\msvcp_win.dll
0x00007ffe1d480000 - 0x00007ffe1d4af000 	C:\Windows\System32\IMM32.DLL
0x00007ffe166a0000 - 0x00007ffe166ac000 	D:\java\bin\vcruntime140_1.dll
0x00007ffd71300000 - 0x00007ffd7138e000 	D:\java\bin\msvcp140.dll
0x00007ffd721d0000 - 0x00007ffd72f58000 	D:\java\bin\server\jvm.dll
0x00007ffe1cd30000 - 0x00007ffe1cde1000 	C:\Windows\System32\ADVAPI32.dll
0x00007ffe1cdf0000 - 0x00007ffe1ce8f000 	C:\Windows\System32\sechost.dll
0x00007ffe1d0b0000 - 0x00007ffe1d1d3000 	C:\Windows\System32\RPCRT4.dll
0x00007ffe1c450000 - 0x00007ffe1c477000 	C:\Windows\System32\bcrypt.dll
0x00007ffe1d1e0000 - 0x00007ffe1d24b000 	C:\Windows\System32\WS2_32.dll
0x00007ffe1b950000 - 0x00007ffe1b99b000 	C:\Windows\SYSTEM32\POWRPROF.dll
0x00007ffe10720000 - 0x00007ffe10747000 	C:\Windows\SYSTEM32\WINMM.dll
0x00007ffe160e0000 - 0x00007ffe160ea000 	C:\Windows\SYSTEM32\VERSION.dll
0x00007ffe1b930000 - 0x00007ffe1b942000 	C:\Windows\SYSTEM32\UMPDC.dll
0x00007ffe19a00000 - 0x00007ffe19a12000 	C:\Windows\SYSTEM32\kernel.appcore.dll
0x00007ffe16550000 - 0x00007ffe1655a000 	D:\java\bin\jimage.dll
0x00007ffe142f0000 - 0x00007ffe144d4000 	C:\Windows\SYSTEM32\DBGHELP.DLL
0x00007ffe13f60000 - 0x00007ffe13f94000 	C:\Windows\SYSTEM32\dbgcore.DLL
0x00007ffe1bc20000 - 0x00007ffe1bca2000 	C:\Windows\System32\bcryptPrimitives.dll
0x00007ffe07860000 - 0x00007ffe0787f000 	D:\java\bin\java.dll

dbghelp: loaded successfully - version: 4.0.5 - missing functions: none
symbol engine: initialized successfully - sym options: 0x614 - pdb path: .;D:\java\bin;C:\Windows\SYSTEM32;C:\Program Files\Avast Software\Avast;C:\Windows\WinSxS\amd64_microsoft.windows.common-controls_6595b64144ccf1df_6.0.19041.4355_none_60b8b9eb71f62e16;D:\java\bin\server

VM Arguments:
jvm_args: -Dnet.bytebuddy.agent.attacher.dump= 
java_command: net.bytebuddy.agent.Attacher com.sun.tools.attach.VirtualMachine 11328 C:\Users\Панчо\.m2\repository\net\bytebuddy\byte-buddy-agent\1.14.8\byte-buddy-agent-1.14.8.jar false 
java_class_path (initial): C:\Users\Панчо\.m2\repository\net\bytebuddy\byte-buddy-agent\1.14.8\byte-buddy-agent-1.14.8.jar
Launcher Type: SUN_STANDARD

[Global flags]
     intx CICompilerCount                          = 3                                         {product} {ergonomic}
     uint ConcGCThreads                            = 2                                         {product} {ergonomic}
     uint G1ConcRefinementThreads                  = 6                                         {product} {ergonomic}
   size_t G1HeapRegionSize                         = 1048576                                   {product} {ergonomic}
    uintx GCDrainStackTargetSize                   = 64                                        {product} {ergonomic}
   size_t InitialHeapSize                          = 104857600                                 {product} {ergonomic}
   size_t MarkStackSize                            = 4194304                                   {product} {ergonomic}
   size_t MaxHeapSize                              = 1669332992                                {product} {ergonomic}
   size_t MinHeapDeltaBytes                        = 1048576                                   {product} {ergonomic}
   size_t MinHeapSize                              = 8388608                                   {product} {ergonomic}
    uintx NonNMethodCodeHeapSize                   = 5832780                                {pd product} {ergonomic}
    uintx NonProfiledCodeHeapSize                  = 122912730                              {pd product} {ergonomic}
    uintx ProfiledCodeHeapSize                     = 122912730                              {pd product} {ergonomic}
    uintx ReservedCodeCacheSize                    = 251658240                              {pd product} {ergonomic}
     bool SegmentedCodeCache                       = true                                      {product} {ergonomic}
   size_t SoftMaxHeapSize                          = 1669332992                             {manageable} {ergonomic}
     bool UseCompressedOops                        = true                           {product lp64_product} {ergonomic}
     bool UseG1GC                                  = true                                      {product} {ergonomic}
     bool UseLargePagesIndividualAllocation        = false                                  {pd product} {ergonomic}

Logging:
Log output configuration:
 #0: stdout all=warning uptime,level,tags foldmultilines=false
 #1: stderr all=off uptime,level,tags foldmultilines=false

Environment Variables:
JAVA_HOME=D:\java
PATH=C:\Program Files\Google\Chrome\Application;C:\Program Files (x86)\Common Files\Oracle\Java\javapath;C:\Windows\system32;C:\Windows;C:\Windows\System32\Wbem;C:\Windows\System32\WindowsPowerShell\v1.0\;C:\Windows\System32\OpenSSH\;C:\Program Files\Microsoft SQL Server\130\Tools\Binn\;C:\Program Files\dotnet\;C:\Program Files\NVIDIA Corporation\NVIDIA NvDLISR;C:\Program Files (x86)\NVIDIA Corporation\PhysX\Common;D:\node\;C:\ProgramData\chocolatey\bin;C:\Program Files\Git\cmd;C:\Program Files (x86)\Microsoft SQL Server\160\Tools\Binn\;C:\Program Files\Microsoft SQL Server\160\Tools\Binn\;C:\Program Files\Microsoft SQL Server\Client SDK\ODBC\170\Tools\Binn\;C:\Program Files\Microsoft SQL Server\160\DTS\Binn\;C:\Program Files (x86)\Microsoft SQL Server\160\DTS\Binn\;%JAVA_HOME%\bin;D:\java\bin;%MAVEN_HOME%\bin;D:\maven\apachemaven399\bin;C:\Program Files\PostgreSQL\17\bin;C:\UsersПанчо\AppData\Local\Programs\Python\Python312\Scripts;C:\Users\Панчо\AppData\Local\Packages\PythonSoftwareFoundation.Python.3.13_qbz5n2kfra8p0\LocalCache\local-packages\Python313\Scripts;C:\Users\Панчо\AppData\Local\Programs\Python\Launcher\;C:\Users\Панчо\AppData\Local\Microsoft\WindowsApps;C:\Users\Панчо\.dotnet\tools;D:\genshin\Microsoft VS Code\bin;C:\Users\Панчо\AppData\Roaming\npm;C:\Users\Панчо\AppData\Local\GitHubDesktop\bin;D:\java\IntelliJ IDEA 2024.2.3\bin;;C:\Program Files\PostgreSQL\17\bin;C:\UsersПанчо\AppData\Local\Programs\Python\Python312\Scripts;C:\Users\Панчо\AppData\Local\Packages\PythonSoftwareFoundation.Python.3.13_qbz5n2kfra8p0\LocalCache\local-packages\Python313\Scripts;
USERNAME=Панчо
LANG=en_US.UTF-8
OS=Windows_NT
PROCESSOR_IDENTIFIER=Intel64 Family 6 Model 158 Stepping 10, GenuineIntel
TMP=C:\Users\0300~1\AppData\Local\Temp
TEMP=C:\Users\0300~1\AppData\Local\Temp




Periodic native trim disabled

---------------  S Y S T E M  ---------------

OS:
 Windows 10 , 64 bit Build 19041 (10.0.19041.5198)
OS uptime: 1 days 9:43 hours
Hyper-V role detected

CPU: total 6 (initial active 6) (6 cores per cpu, 1 threads per core) family 6 model 158 stepping 10 microcode 0xb4, cx8, cmov, fxsr, mmx, 3dnowpref, sse, sse2, sse3, ssse3, sse4.1, sse4.2, popcnt, lzcnt, tsc, tscinvbit, avx, avx2, aes, erms, clmul, bmi1, bmi2, adx, fma, vzeroupper, clflush, clflushopt, hv, rdtscp, f16c
Processor Information for all 6 processors :
  Max Mhz: 2808, Current Mhz: 2808, Mhz Limit: 2808

Memory: 4k page, system-wide physical 6365M (304M free)
TotalPageFile size 14557M (AvailPageFile size 72M)
current process WorkingSet (physical memory assigned to process): 10M, peak: 10M
current process commit charge ("private bytes"): 56M, peak: 156M

vm_info: OpenJDK 64-Bit Server VM (21.0.4+7-LTS) for windows-amd64 JRE (21.0.4+7-LTS), built on 2024-07-16T00:00:00Z by "admin" with MS VC++ 17.7 (VS2022)

END.
